[2023-05-25T11:00:56.175Z] Log level: Info
[2023-05-25T11:00:56.183Z] [info] Validating found git in: git
[2023-05-25T11:00:56.231Z] [info] Using git 2.34.1 from git
[2023-05-25T11:00:56.270Z] > git rev-parse --show-toplevel [15ms]
[2023-05-25T11:00:56.282Z] > git rev-parse --git-dir --git-common-dir [2ms]
[2023-05-25T11:00:56.291Z] [info] Open repository: /home/ubuntu/Test
[2023-05-25T11:00:56.839Z] > git check-ignore -v -z --stdin [25ms]
[2023-05-25T11:00:57.845Z] > git check-ignore -v -z --stdin [68ms]
[2023-05-25T11:00:59.286Z] > git check-ignore -v -z --stdin [34ms]
[2023-05-25T11:01:01.398Z] > git check-ignore -v -z --stdin [31ms]
[2023-05-25T11:01:02.952Z] > git check-ignore -v -z --stdin [83ms]
[2023-05-25T11:01:09.818Z] > git status -z -uall [13518ms]
[2023-05-25T11:01:13.572Z] > git check-ignore -v -z --stdin [116ms]
[2023-05-25T11:01:15.312Z] > git check-ignore -v -z --stdin [20ms]
[2023-05-25T11:01:16.630Z] > git show --textconv :Web3.0_GMS/FrontProject-main/src/App.js [38ms]
[2023-05-25T11:01:16.639Z] > git ls-files --stage -- /home/ubuntu/Test/Web3.0_GMS/FrontProject-main/src/App.js [38ms]
[2023-05-25T11:01:16.650Z] > git cat-file -s e69de29bb2d1d6434b8b29ae775ad8c2e48c5391 [3ms]
[2023-05-25T11:01:22.479Z] > git show --textconv :Web3.0_GMS/build/index.html [38ms]
[2023-05-25T11:01:22.493Z] > git ls-files --stage -- /home/ubuntu/Test/Web3.0_GMS/build/index.html [34ms]
[2023-05-25T11:01:22.515Z] > git cat-file -s 7db8c2925c2d4eeabad3beb7ff871720c93a8c17 [2ms]
[2023-05-25T11:01:31.191Z] > git show --textconv :Web3.0_GMS/public/index.html [16ms]
[2023-05-25T11:01:31.197Z] > git ls-files --stage -- /home/ubuntu/Test/Web3.0_GMS/public/index.html [16ms]
[2023-05-25T11:01:31.204Z] > git cat-file -s 978c7f2c9ca8188b73ba91e363df43c446d6abab [2ms]
[2023-05-25T11:01:43.046Z] > git show --textconv :Web3.0_GMS/src/App.js [15ms]
[2023-05-25T11:01:43.052Z] > git ls-files --stage -- /home/ubuntu/Test/Web3.0_GMS/src/App.js [15ms]
[2023-05-25T11:01:43.058Z] > git cat-file -s 4f45b4c43b336bac550a47b561302d7c88b58dd9 [1ms]
[2023-05-25T11:02:23.981Z] > git show --textconv :Web3.0_GMS/src/index.js [15ms]
[2023-05-25T11:02:23.988Z] > git ls-files --stage -- /home/ubuntu/Test/Web3.0_GMS/src/index.js [16ms]
[2023-05-25T11:02:23.994Z] > git cat-file -s 82936f514215befda95c53f99b899353ea560245 [1ms]
[2023-05-25T11:03:59.493Z] > git show --textconv :Web3.0_GMS/src/reportWebVitals.js [16ms]
[2023-05-25T11:03:59.499Z] > git ls-files --stage -- /home/ubuntu/Test/Web3.0_GMS/src/reportWebVitals.js [15ms]
[2023-05-25T11:03:59.508Z] > git cat-file -s 532f29b0bb61f0b2e42e33a909b205a13b243020 [3ms]
[2023-05-25T11:04:01.596Z] > git show --textconv :Web3.0_GMS/src/routes.js [16ms]
[2023-05-25T11:04:01.601Z] > git ls-files --stage -- /home/ubuntu/Test/Web3.0_GMS/src/routes.js [15ms]
[2023-05-25T11:04:01.608Z] > git cat-file -s 227baf5c1cc0f5678630b544e640b4977624a206 [2ms]
[2023-05-25T11:04:13.998Z] > git show --textconv :Web3.0_GMS/src/index.js [17ms]
[2023-05-25T11:04:14.004Z] > git ls-files --stage -- /home/ubuntu/Test/Web3.0_GMS/src/index.js [16ms]
[2023-05-25T11:04:14.010Z] > git cat-file -s 82936f514215befda95c53f99b899353ea560245 [1ms]
[2023-05-25T11:05:06.581Z] > git check-ignore -v -z --stdin [18ms]
[2023-05-25T11:05:11.250Z] > git show --textconv :Web3.0_GMS/src/App.js [16ms]
[2023-05-25T11:05:11.257Z] > git ls-files --stage -- /home/ubuntu/Test/Web3.0_GMS/src/App.js [17ms]
[2023-05-25T11:05:11.264Z] > git cat-file -s 4f45b4c43b336bac550a47b561302d7c88b58dd9 [2ms]
[2023-05-25T11:05:20.197Z] > git check-ignore -v -z --stdin [25ms]
[2023-05-25T11:05:40.954Z] > git show --textconv :Web3.0_GMS/src/routes.js [16ms]
[2023-05-25T11:05:40.960Z] > git ls-files --stage -- /home/ubuntu/Test/Web3.0_GMS/src/routes.js [15ms]
[2023-05-25T11:05:40.967Z] > git cat-file -s 227baf5c1cc0f5678630b544e640b4977624a206 [1ms]
[2023-05-25T11:06:04.189Z] > git show --textconv :Web3.0_GMS/src/App.js [17ms]
[2023-05-25T11:06:04.198Z] > git ls-files --stage -- /home/ubuntu/Test/Web3.0_GMS/src/App.js [20ms]
[2023-05-25T11:06:04.205Z] > git cat-file -s 4f45b4c43b336bac550a47b561302d7c88b58dd9 [1ms]
[2023-05-25T11:06:49.183Z] > git show --textconv :Web3.0_GMS/src/routes.js [18ms]
[2023-05-25T11:06:49.188Z] > git ls-files --stage -- /home/ubuntu/Test/Web3.0_GMS/src/routes.js [17ms]
[2023-05-25T11:06:49.195Z] > git cat-file -s 227baf5c1cc0f5678630b544e640b4977624a206 [1ms]
[2023-05-25T11:09:12.036Z] > git check-ignore -v -z --stdin [45ms]
[2023-05-25T11:09:14.876Z] > git show --textconv :Web3.0_GMS/src/pages/LoginPage.js [36ms]
[2023-05-25T11:09:14.887Z] > git ls-files --stage -- /home/ubuntu/Test/Web3.0_GMS/src/pages/LoginPage.js [35ms]
[2023-05-25T11:09:14.901Z] > git cat-file -s f370077746f7517b729225e8c17950a37c801bc3 [3ms]
[2023-05-25T11:14:28.286Z] > git check-ignore -v -z --stdin [48ms]
[2023-05-25T11:14:35.415Z] > git show --textconv :Web3.0_GMS/src/pages/admin/AdminHomePage.js [36ms]
[2023-05-25T11:14:35.428Z] > git ls-files --stage -- /home/ubuntu/Test/Web3.0_GMS/src/pages/admin/AdminHomePage.js [14ms]
[2023-05-25T11:14:35.440Z] > git cat-file -s 1b659f08a1aafa74ac0ff642322f98b16cf4e0b4 [2ms]
[2023-05-25T11:14:39.565Z] > git show --textconv :Web3.0_GMS/src/routes.js [16ms]
[2023-05-25T11:14:39.575Z] > git ls-files --stage -- /home/ubuntu/Test/Web3.0_GMS/src/routes.js [17ms]
[2023-05-25T11:14:39.583Z] > git cat-file -s 227baf5c1cc0f5678630b544e640b4977624a206 [1ms]
[2023-05-25T11:15:04.990Z] > git show --textconv :Web3.0_GMS/src/pages/admin/AdminHomePage.js [15ms]
[2023-05-25T11:15:04.998Z] > git ls-files --stage -- /home/ubuntu/Test/Web3.0_GMS/src/pages/admin/AdminHomePage.js [14ms]
[2023-05-25T11:15:05.005Z] > git cat-file -s 1b659f08a1aafa74ac0ff642322f98b16cf4e0b4 [1ms]
[2023-05-25T11:31:07.592Z] > git show --textconv :Web3.0_GMS/src/pages/LoginPage.js [17ms]
[2023-05-25T11:31:07.599Z] > git ls-files --stage -- /home/ubuntu/Test/Web3.0_GMS/src/pages/LoginPage.js [17ms]
[2023-05-25T11:31:07.606Z] > git cat-file -s f370077746f7517b729225e8c17950a37c801bc3 [1ms]
[2023-05-25T11:31:39.425Z] > git show --textconv :Web3.0_GMS/src/App.js [20ms]
[2023-05-25T11:31:39.442Z] > git ls-files --stage -- /home/ubuntu/Test/Web3.0_GMS/src/App.js [23ms]
[2023-05-25T11:31:39.451Z] > git cat-file -s 4f45b4c43b336bac550a47b561302d7c88b58dd9 [1ms]
[2023-05-25T11:31:42.943Z] > git show --textconv :Web3.0_GMS/src/pages/LoginPage.js [27ms]
[2023-05-25T11:31:42.943Z] > git ls-files --stage -- /home/ubuntu/Test/Web3.0_GMS/src/pages/LoginPage.js [20ms]
[2023-05-25T11:31:42.967Z] > git cat-file -s f370077746f7517b729225e8c17950a37c801bc3 [16ms]
[2023-05-25T11:41:46.605Z] > git show --textconv :Web3.0_GMS/src/App.js [18ms]
[2023-05-25T11:41:46.615Z] > git ls-files --stage -- /home/ubuntu/Test/Web3.0_GMS/src/App.js [17ms]
[2023-05-25T11:41:46.625Z] > git cat-file -s 4f45b4c43b336bac550a47b561302d7c88b58dd9 [1ms]
[2023-05-25T12:16:41.942Z] > git check-ignore -v -z --stdin [21ms]
[2023-05-25T12:23:15.614Z] > git show --textconv :Web3.0_GMS/src/index.js [38ms]
[2023-05-25T12:23:15.634Z] > git ls-files --stage -- /home/ubuntu/Test/Web3.0_GMS/src/index.js [22ms]
[2023-05-25T12:23:15.646Z] > git cat-file -s 82936f514215befda95c53f99b899353ea560245 [2ms]
[2023-05-25T12:23:22.472Z] > git show --textconv :Web3.0_GMS/src/pages/LoginPage.js [42ms]
[2023-05-25T12:23:22.477Z] > git ls-files --stage -- /home/ubuntu/Test/Web3.0_GMS/src/pages/LoginPage.js [26ms]
[2023-05-25T12:23:22.485Z] > git cat-file -s f370077746f7517b729225e8c17950a37c801bc3 [1ms]
[2023-05-25T12:23:32.610Z] > git check-ignore -v -z --stdin [65ms]
[2023-05-25T12:23:34.910Z] > git show --textconv :Web3.0_GMS/src/_mock/AdminUser.js [15ms]
[2023-05-25T12:23:34.918Z] > git ls-files --stage -- /home/ubuntu/Test/Web3.0_GMS/src/_mock/AdminUser.js [16ms]
[2023-05-25T12:23:34.925Z] > git cat-file -s c4903242efcd8821bf4e823604ed8651d8dd0e86 [1ms]
[2023-05-25T12:23:38.713Z] > git show --textconv :Web3.0_GMS/src/_mock/user.js [15ms]
[2023-05-25T12:23:38.720Z] > git ls-files --stage -- /home/ubuntu/Test/Web3.0_GMS/src/_mock/user.js [15ms]
[2023-05-25T12:23:38.727Z] > git cat-file -s 1ed73fde0d2dbc15c2af8ab7cb17b66394be6ac9 [1ms]
[2023-05-25T12:23:49.051Z] > git check-ignore -v -z --stdin [19ms]
[2023-05-25T12:23:49.390Z] > git show --textconv :Web3.0_GMS/src/shareInfo/userInfo.js [16ms]
[2023-05-25T12:23:49.405Z] > git ls-files --stage -- /home/ubuntu/Test/Web3.0_GMS/src/shareInfo/userInfo.js [23ms]
[2023-05-25T12:23:58.054Z] > git show --textconv :Web3.0_GMS/src/pages/LoginPage.js [16ms]
[2023-05-25T12:23:58.061Z] > git ls-files --stage -- /home/ubuntu/Test/Web3.0_GMS/src/pages/LoginPage.js [16ms]
[2023-05-25T12:23:58.070Z] > git cat-file -s f370077746f7517b729225e8c17950a37c801bc3 [2ms]
[2023-05-25T12:24:02.771Z] > git show --textconv :Web3.0_GMS/src/pages/admin/AdminHomePage.js [16ms]
[2023-05-25T12:24:02.778Z] > git ls-files --stage -- /home/ubuntu/Test/Web3.0_GMS/src/pages/admin/AdminHomePage.js [16ms]
[2023-05-25T12:24:02.786Z] > git cat-file -s 1b659f08a1aafa74ac0ff642322f98b16cf4e0b4 [1ms]
[2023-05-25T12:24:38.154Z] > git show --textconv :Web3.0_GMS/src/shareInfo/userInfo.js [16ms]
[2023-05-25T12:24:38.162Z] > git ls-files --stage -- /home/ubuntu/Test/Web3.0_GMS/src/shareInfo/userInfo.js [16ms]
[2023-05-25T12:28:33.911Z] > git check-ignore -v -z --stdin [19ms]
