0 verbose cli [ '/usr/bin/node', '/usr/bin/npm', 'start' ]
1 info using npm@8.5.1
2 info using node@v12.22.9
3 timing npm:load:whichnode Completed in 0ms
4 timing config:load:defaults Completed in 2ms
5 timing config:load:file:/usr/share/nodejs/npm/npmrc Completed in 3ms
6 timing config:load:builtin Completed in 3ms
7 timing config:load:cli Completed in 2ms
8 timing config:load:env Completed in 1ms
9 timing config:load:file:/home/ubuntu/CapstoneTest/Web3.0_GMS/.npmrc Completed in 0ms
10 timing config:load:project Completed in 2ms
11 timing config:load:file:/home/ubuntu/.npmrc Completed in 0ms
12 timing config:load:user Completed in 0ms
13 timing config:load:file:/etc/npmrc Completed in 0ms
14 timing config:load:global Completed in 1ms
15 timing config:load:validate Completed in 0ms
16 timing config:load:credentials Completed in 1ms
17 timing config:load:setEnvs Completed in 1ms
18 timing config:load Completed in 13ms
19 timing npm:load:configload Completed in 13ms
20 timing npm:load:setTitle Completed in 1ms
21 timing config:load:flatten Completed in 4ms
22 timing npm:load:display Completed in 6ms
23 verbose logfile /home/ubuntu/.npm/_logs/2023-04-24T12_02_11_463Z-debug-0.log
24 timing npm:load:logFile Completed in 7ms
25 timing npm:load:timers Completed in 0ms
26 timing npm:load:configScope Completed in 0ms
27 timing npm:load Completed in 29ms
28 silly logfile start cleaning logs, removing 1 files
29 timing command:run-script Completed in 4ms
30 timing command:start Completed in 9ms
31 verbose stack Error: ENOENT: no such file or directory, open '/home/ubuntu/CapstoneTest/Web3.0_GMS/package.json'
32 verbose cwd /home/ubuntu/CapstoneTest/Web3.0_GMS
33 verbose Linux 5.15.0-1031-aws
34 verbose argv "/usr/bin/node" "/usr/bin/npm" "start"
35 verbose node v12.22.9
36 verbose npm  v8.5.1
37 error code ENOENT
38 error syscall open
39 error path /home/ubuntu/CapstoneTest/Web3.0_GMS/package.json
40 error errno -2
41 error enoent ENOENT: no such file or directory, open '/home/ubuntu/CapstoneTest/Web3.0_GMS/package.json'
42 error enoent This is related to npm not being able to find a file.
42 error enoent
43 verbose exit -2
44 timing npm Completed in 211ms
45 verbose code -2
46 error A complete log of this run can be found in:
46 error     /home/ubuntu/.npm/_logs/2023-04-24T12_02_11_463Z-debug-0.log
