0 verbose cli /usr/local/bin/node /tmp/npm.11051/package/bin/npm-cli.js
1 info using npm@9.6.5
2 info using node@v18.16.0
3 timing npm:load:whichnode Completed in 2ms
4 timing config:load:defaults Completed in 2ms
5 timing config:load:file:/tmp/npm.11051/package/npmrc Completed in 1ms
6 timing config:load:builtin Completed in 1ms
7 timing config:load:cli Completed in 3ms
8 timing config:load:env Completed in 0ms
9 timing config:load:project Completed in 0ms
10 timing config:load:file:/home/ubuntu/.npmrc Completed in 1ms
11 timing config:load:user Completed in 1ms
12 timing config:load:file:/usr/local/etc/npmrc Completed in 0ms
13 timing config:load:global Completed in 0ms
14 timing config:load:setEnvs Completed in 1ms
15 timing config:load Completed in 9ms
16 timing npm:load:configload Completed in 9ms
17 timing npm:load:mkdirpcache Completed in 1ms
18 timing npm:load:mkdirplogs Completed in 0ms
19 verbose title npm rm npm
20 verbose argv "rm" "npm" "--global" "--force" "--loglevel" "silent"
21 timing npm:load:setTitle Completed in 1ms
22 timing config:load:flatten Completed in 3ms
23 timing npm:load:display Completed in 5ms
24 verbose logfile logs-max:10 dir:/home/ubuntu/.npm/_logs/2023-04-24T12_20_37_848Z-
25 verbose logfile /home/ubuntu/.npm/_logs/2023-04-24T12_20_37_848Z-debug-0.log
26 timing npm:load:logFile Completed in 9ms
27 timing npm:load:timers Completed in 0ms
28 timing npm:load:configScope Completed in 0ms
29 warn using --force Recommended protections disabled.
30 timing npm:load Completed in 27ms
31 timing config:load:flatten Completed in 1ms
32 timing arborist:ctor Completed in 1ms
33 timing idealTree:init Completed in 8ms
34 timing idealTree:userRequests Completed in 0ms
35 silly idealTree buildDeps
36 timing idealTree:#root Completed in 0ms
37 timing idealTree:buildDeps Completed in 2ms
38 timing idealTree:fixDepFlags Completed in 0ms
39 timing idealTree Completed in 11ms
40 silly logfile start cleaning logs, removing 1 files
41 silly logfile done cleaning log files
42 timing reify:loadTrees Completed in 300ms
43 timing reify:diffTrees Completed in 5ms
44 silly reify mark retired [
44 silly reify   '/usr/local/lib/node_modules/npm',
44 silly reify   '/usr/local/bin/npm',
44 silly reify   '/usr/local/bin/npx'
44 silly reify ]
45 silly reify moves {
45 silly reify   '/usr/local/lib/node_modules/npm': '/usr/local/lib/node_modules/.npm-i9nnxROI',
45 silly reify   '/usr/local/bin/npm': '/usr/local/bin/.npm-uJtxIR1m',
45 silly reify   '/usr/local/bin/npx': '/usr/local/bin/.npx-xXo12k2C'
45 silly reify }
46 timing reify:rollback:retireShallow Completed in 2ms
47 timing command:rm Completed in 326ms
48 verbose stack Error: EACCES: permission denied, rename '/usr/local/bin/npm' -> '/usr/local/bin/.npm-uJtxIR1m'
49 verbose cwd /tmp/npm.11051/package
50 verbose Linux 5.15.0-1031-aws
51 verbose node v18.16.0
52 verbose npm  v9.6.5
53 error code EACCES
54 error syscall rename
55 error path /usr/local/bin/npm
56 error dest /usr/local/bin/.npm-uJtxIR1m
57 error errno -13
58 error [Error: EACCES: permission denied, rename '/usr/local/bin/npm' -> '/usr/local/bin/.npm-uJtxIR1m'] {
58 error   errno: -13,
58 error   code: 'EACCES',
58 error   syscall: 'rename',
58 error   path: '/usr/local/bin/npm',
58 error   dest: '/usr/local/bin/.npm-uJtxIR1m'
58 error }
59 error
59 error The operation was rejected by your operating system.
59 error It is likely you do not have the permissions to access this file as the current user
59 error
59 error If you believe this might be a permissions issue, please double-check the
59 error permissions of the file and its containing directories, or try running
59 error the command again as root/Administrator.
60 verbose exit -13
61 timing npm Completed in 551ms
62 verbose unfinished npm timer reify 1682338838075
63 verbose unfinished npm timer reify:retireShallow 1682338838387
64 verbose code -13
