0 verbose cli [ '/usr/bin/node', '/usr/bin/npm', 'install' ]
1 info using npm@8.5.1
2 info using node@v12.22.9
3 timing npm:load:whichnode Completed in 0ms
4 timing config:load:defaults Completed in 2ms
5 timing config:load:file:/usr/share/nodejs/npm/npmrc Completed in 3ms
6 timing config:load:builtin Completed in 3ms
7 timing config:load:cli Completed in 2ms
8 timing config:load:env Completed in 0ms
9 timing config:load:file:/home/ubuntu/CapstoneTest/Web3.0_GMS/.npmrc Completed in 1ms
10 timing config:load:project Completed in 3ms
11 timing config:load:file:/home/ubuntu/.npmrc Completed in 0ms
12 timing config:load:user Completed in 0ms
13 timing config:load:file:/etc/npmrc Completed in 0ms
14 timing config:load:global Completed in 0ms
15 timing config:load:validate Completed in 0ms
16 timing config:load:credentials Completed in 1ms
17 timing config:load:setEnvs Completed in 1ms
18 timing config:load Completed in 13ms
19 timing npm:load:configload Completed in 14ms
20 timing npm:load:setTitle Completed in 0ms
21 timing config:load:flatten Completed in 4ms
22 timing npm:load:display Completed in 6ms
23 verbose logfile /home/ubuntu/.npm/_logs/2023-04-24T12_02_16_488Z-debug-0.log
24 timing npm:load:logFile Completed in 7ms
25 timing npm:load:timers Completed in 0ms
26 timing npm:load:configScope Completed in 0ms
27 timing npm:load Completed in 29ms
28 timing arborist:ctor Completed in 1ms
29 silly logfile start cleaning logs, removing 2 files
30 timing arborist:ctor Completed in 1ms
31 timing idealTree:init Completed in 17ms
32 timing idealTree:userRequests Completed in 0ms
33 silly idealTree buildDeps
34 timing idealTree:#root Completed in 0ms
35 timing idealTree:buildDeps Completed in 2ms
36 timing idealTree:fixDepFlags Completed in 0ms
37 timing idealTree Completed in 20ms
38 timing reify:loadTrees Completed in 22ms
39 timing reify:diffTrees Completed in 1ms
40 silly reify moves {}
41 timing reify:retireShallow Completed in 1ms
42 timing reify:createSparse Completed in 0ms
43 timing reify:loadBundles Completed in 0ms
44 silly audit report null
45 timing reify:audit Completed in 1ms
46 timing reify:unpack Completed in 1ms
47 timing reify:unretire Completed in 0ms
48 timing build:queue Completed in 0ms
49 timing build:deps Completed in 0ms
50 timing build Completed in 0ms
51 timing reify:build Completed in 2ms
52 timing reify:trash Completed in 0ms
53 timing reify:save Completed in 7ms
54 timing reify Completed in 68ms
55 timing command:install Completed in 73ms
56 verbose stack Error: ENOENT: no such file or directory, open '/home/ubuntu/CapstoneTest/Web3.0_GMS/package.json'
57 verbose cwd /home/ubuntu/CapstoneTest/Web3.0_GMS
58 verbose Linux 5.15.0-1031-aws
59 verbose argv "/usr/bin/node" "/usr/bin/npm" "install"
60 verbose node v12.22.9
61 verbose npm  v8.5.1
62 error code ENOENT
63 error syscall open
64 error path /home/ubuntu/CapstoneTest/Web3.0_GMS/package.json
65 error errno -2
66 error enoent ENOENT: no such file or directory, open '/home/ubuntu/CapstoneTest/Web3.0_GMS/package.json'
67 error enoent This is related to npm not being able to find a file.
67 error enoent
68 verbose exit -2
69 timing npm Completed in 363ms
70 verbose code -2
71 error A complete log of this run can be found in:
71 error     /home/ubuntu/.npm/_logs/2023-04-24T12_02_16_488Z-debug-0.log
